{
  "stats": {
    "suites": 3,
    "tests": 3,
    "passes": 3,
    "pending": 0,
    "failures": 0,
    "testsRegistered": 3,
    "passPercent": 100,
    "pendingPercent": 0,
    "other": 0,
    "hasOther": false,
    "skipped": 0,
    "hasSkipped": false,
    "start": "2024-07-04T11:29:12.376Z",
    "end": "2024-07-04T11:30:00.148Z",
    "duration": 47772
  },
  "results": [
    {
      "uuid": "80ab57f3-9c83-47e6-8edf-ca02f47cfa16",
      "title": "",
      "fullFile": "cypress\\e2e\\productPage.spec.js",
      "file": "cypress\\e2e\\productPage.spec.js",
      "beforeHooks": [],
      "afterHooks": [],
      "tests": [],
      "suites": [
        {
          "uuid": "72ab654d-1b8f-45b7-817d-3d254ee31d2e",
          "title": "Product Page",
          "fullFile": "",
          "file": "",
          "beforeHooks": [],
          "afterHooks": [],
          "tests": [
            {
              "title": "Search product",
              "fullTitle": "Product Page Search product",
              "timedOut": null,
              "duration": 7406,
              "state": "passed",
              "speed": "medium",
              "pass": true,
              "fail": false,
              "pending": false,
              "context": null,
              "code": "_productPage.onProductPage.visitProductPage();\n_productPage.onProductPage.searchProduct('tshirt');\ncy.get('.add-to-cart').eq(2).click();",
              "err": {},
              "uuid": "0e26e408-76e7-4720-ac94-d36638e15ed0",
              "parentUUID": "72ab654d-1b8f-45b7-817d-3d254ee31d2e",
              "isHook": false,
              "skipped": false
            }
          ],
          "suites": [],
          "passes": [
            "0e26e408-76e7-4720-ac94-d36638e15ed0"
          ],
          "failures": [],
          "pending": [],
          "skipped": [],
          "duration": 7406,
          "root": false,
          "rootEmpty": false,
          "_timeout": 2000
        }
      ],
      "passes": [],
      "failures": [],
      "pending": [],
      "skipped": [],
      "duration": 0,
      "root": true,
      "rootEmpty": true,
      "_timeout": 2000
    },
    {
      "uuid": "77bf3267-4a5c-4f2b-8945-3390fa278c3d",
      "title": "",
      "fullFile": "cypress\\e2e\\registerUser.spec.js",
      "file": "cypress\\e2e\\registerUser.spec.js",
      "beforeHooks": [],
      "afterHooks": [],
      "tests": [],
      "suites": [
        {
          "uuid": "d0da9f3e-a088-45ee-97d6-d027915fc9c8",
          "title": "Register User",
          "fullFile": "",
          "file": "",
          "beforeHooks": [],
          "afterHooks": [],
          "tests": [
            {
              "title": "Check register user successfully",
              "fullTitle": "Register User Check register user successfully",
              "timedOut": null,
              "duration": 13804,
              "state": "passed",
              "speed": "slow",
              "pass": true,
              "fail": false,
              "pending": false,
              "context": null,
              "code": "// Verify that home page is visible successfully\n_registerPage.onRegisterUser.checkPageVisible();\nconst name = `thuy${_utils.randomNumber}`;\nconst email = `thuy${_utils.randomNumber}@gmail.com`;\ncy.log(name, email);\n_registerPage.onRegisterUser.visitLoginPage(); //Go to SignUp page\n// Wait for the login page to be displayed\ncy.url().should('include', '/login');\n_registerPage.onRegisterUser.register(name, email); //Enter name and email address and click SignUp button\n// onRegisterUser.register('thuy10', 'thuy10@gmail.com');\n//Verify that 'ENTER ACCOUNT INFORMATION' is visible\n_registerPage.onRegisterUser.checkPageVisible();\n_registerPage.onRegisterUser.enterAccountInfo(1, '123456', '10', '3', '2021'); //Fill details: Title, Name, Email, Password, Date of birth\n_registerPage.onRegisterUser.selectCheckBox(true, true); // Select checkbox 'Sign up for our newsletter!' and  'Receive special offers from our partners!'\n_registerPage.onRegisterUser.enterAddressInfo('Thuy02', 'Huynh02', 'N/A', '123', '345', 'Canada', 'HCM', 'HCM', '700000', '0987654321'); //Fill details: First name, Last name, Company, Address, Address2, Country, State, City, Zipcode, Mobile Number and click create\n//Check register sucess and this page is visible\n_registerPage.onRegisterUser.checkRegisterSuccess();\n//Clicking on Continue button\n_registerPage.onRegisterUser.clickContinueButton();\n//Verify that 'Logged in as username' is visible\n_registerPage.onRegisterUser.checkPageVisible();\n// //Click 'Delete Account' button\n// onRegisterUser.clickDeleteLink();\n// // Verify that 'ACCOUNT DELETED!' is visible\n// onRegisterUser.checkPageVisible();",
              "err": {},
              "uuid": "1572fe3d-31f0-42dd-a898-70e83ff822ab",
              "parentUUID": "d0da9f3e-a088-45ee-97d6-d027915fc9c8",
              "isHook": false,
              "skipped": false
            }
          ],
          "suites": [],
          "passes": [
            "1572fe3d-31f0-42dd-a898-70e83ff822ab"
          ],
          "failures": [],
          "pending": [],
          "skipped": [],
          "duration": 13804,
          "root": false,
          "rootEmpty": false,
          "_timeout": 2000
        }
      ],
      "passes": [],
      "failures": [],
      "pending": [],
      "skipped": [],
      "duration": 0,
      "root": true,
      "rootEmpty": true,
      "_timeout": 2000
    },
    {
      "uuid": "3055f2e8-a613-4a7d-8511-d240e1cb59a6",
      "title": "",
      "fullFile": "cypress\\e2e\\loginPage.spec.js",
      "file": "cypress\\e2e\\loginPage.spec.js",
      "beforeHooks": [],
      "afterHooks": [],
      "tests": [],
      "suites": [
        {
          "uuid": "c10157cd-4359-4e4a-b96c-a2b94070c1ee",
          "title": "Login Page tests",
          "fullFile": "",
          "file": "",
          "beforeHooks": [],
          "afterHooks": [],
          "tests": [
            {
              "title": "Login User with correct email and password",
              "fullTitle": "Login Page tests Login User with correct email and password",
              "timedOut": null,
              "duration": 22367,
              "state": "passed",
              "speed": "slow",
              "pass": true,
              "fail": false,
              "pending": false,
              "context": null,
              "code": "// Check with UI web elements\n//Verify that home page is visible successfully\n_loginPage.onLoginPage.checkPageVisible();\n//Using users.json to login with multiple users\ncy.fixture('users.json').as('users');\ncy.get('@users').each(user => {\n  //Click on 'Signup / Login' button\n  _loginPage.onLoginPage.visitLoginPage();\n  //Verify 'Login to your account' is visible\n  _loginPage.onLoginPage.checkPageVisible();\n  // //Enter correct email address and password and click Login button\n  // const {email,password} = Cypress.env();\n  _loginPage.onLoginPage.login(user.email, user.password);\n  cy.get('body').should('contain', 'Logout');\n  cy.get('[href=\"/logout\"]').click();\n  //Verify that 'Logged in as username' is visible\n  _loginPage.onLoginPage.checkPageVisible();\n  //Click 'Delete Account' button\n  // onLoginPage.clickDeleteLink();\n  // // Verify that 'ACCOUNT DELETED!' is visible\n  // onLoginPage.checkPageVisible();\n  /** //Check with API\n  const requestParams = {\n      name: 'John Doe2',\n      email: 'johndwqw1@gmail.com',\n      password: 'password123',\n      title: 'Mr',\n      birth_date: '15',\n      birth_month: '05',\n      birth_year: '1985',\n      firstname: 'John',\n      lastname: 'Doe',\n      company: 'Acme Corp',\n      address1: '123 Main Street',\n      address2: 'Apartment 456',\n      country: 'United States',\n      zipcode: '12345',\n      state: 'California',\n      city: 'Los Angeles',\n      mobile_number: '1234567890'\n  }\n  cy.request('POST', 'https://automationexercise.com/api/createAccount', requestParams).then(res => {\n      expect(res.status).to.equal(200);\n      expect(res.body).to.have.property('responseCode', '201');\n      expect(res.body).to.have.property('message', 'User created!');\n  }) */\n});",
              "err": {},
              "uuid": "6316b3f7-0829-4c73-8d9e-ed3d55da722c",
              "parentUUID": "c10157cd-4359-4e4a-b96c-a2b94070c1ee",
              "isHook": false,
              "skipped": false
            }
          ],
          "suites": [],
          "passes": [
            "6316b3f7-0829-4c73-8d9e-ed3d55da722c"
          ],
          "failures": [],
          "pending": [],
          "skipped": [],
          "duration": 22367,
          "root": false,
          "rootEmpty": false,
          "_timeout": 2000
        }
      ],
      "passes": [],
      "failures": [],
      "pending": [],
      "skipped": [],
      "duration": 0,
      "root": true,
      "rootEmpty": true,
      "_timeout": 2000
    }
  ],
  "meta": {
    "mocha": {
      "version": "7.0.1"
    },
    "mochawesome": {
      "options": {
        "quiet": false,
        "reportFilename": "mochawesome",
        "saveHtml": false,
        "saveJson": true,
        "consoleReporter": "spec",
        "useInlineDiffs": false,
        "code": true
      },
      "version": "7.1.3"
    },
    "marge": {
      "options": {
        "id": "default",
        "reportDir": "cypress/results/mochawesome",
        "overwrite": false,
        "html": false,
        "json": true
      },
      "version": "6.2.0"
    }
  }
}