{
  "stats": {
    "suites": 1,
    "tests": 1,
    "passes": 1,
    "pending": 0,
    "failures": 0,
    "start": "2024-07-04T11:29:46.258Z",
    "end": "2024-07-04T11:30:00.148Z",
    "duration": 13890,
    "testsRegistered": 1,
    "passPercent": 100,
    "pendingPercent": 0,
    "other": 0,
    "hasOther": false,
    "skipped": 0,
    "hasSkipped": false
  },
  "results": [
    {
      "uuid": "77bf3267-4a5c-4f2b-8945-3390fa278c3d",
      "title": "",
      "fullFile": "cypress\\e2e\\registerUser.spec.js",
      "file": "cypress\\e2e\\registerUser.spec.js",
      "beforeHooks": [],
      "afterHooks": [],
      "tests": [],
      "suites": [
        {
          "uuid": "d0da9f3e-a088-45ee-97d6-d027915fc9c8",
          "title": "Register User",
          "fullFile": "",
          "file": "",
          "beforeHooks": [],
          "afterHooks": [],
          "tests": [
            {
              "title": "Check register user successfully",
              "fullTitle": "Register User Check register user successfully",
              "timedOut": null,
              "duration": 13804,
              "state": "passed",
              "speed": "slow",
              "pass": true,
              "fail": false,
              "pending": false,
              "context": null,
              "code": "// Verify that home page is visible successfully\n_registerPage.onRegisterUser.checkPageVisible();\nconst name = `thuy${_utils.randomNumber}`;\nconst email = `thuy${_utils.randomNumber}@gmail.com`;\ncy.log(name, email);\n_registerPage.onRegisterUser.visitLoginPage(); //Go to SignUp page\n// Wait for the login page to be displayed\ncy.url().should('include', '/login');\n_registerPage.onRegisterUser.register(name, email); //Enter name and email address and click SignUp button\n// onRegisterUser.register('thuy10', 'thuy10@gmail.com');\n//Verify that 'ENTER ACCOUNT INFORMATION' is visible\n_registerPage.onRegisterUser.checkPageVisible();\n_registerPage.onRegisterUser.enterAccountInfo(1, '123456', '10', '3', '2021'); //Fill details: Title, Name, Email, Password, Date of birth\n_registerPage.onRegisterUser.selectCheckBox(true, true); // Select checkbox 'Sign up for our newsletter!' and  'Receive special offers from our partners!'\n_registerPage.onRegisterUser.enterAddressInfo('Thuy02', 'Huynh02', 'N/A', '123', '345', 'Canada', 'HCM', 'HCM', '700000', '0987654321'); //Fill details: First name, Last name, Company, Address, Address2, Country, State, City, Zipcode, Mobile Number and click create\n//Check register sucess and this page is visible\n_registerPage.onRegisterUser.checkRegisterSuccess();\n//Clicking on Continue button\n_registerPage.onRegisterUser.clickContinueButton();\n//Verify that 'Logged in as username' is visible\n_registerPage.onRegisterUser.checkPageVisible();\n// //Click 'Delete Account' button\n// onRegisterUser.clickDeleteLink();\n// // Verify that 'ACCOUNT DELETED!' is visible\n// onRegisterUser.checkPageVisible();",
              "err": {},
              "uuid": "1572fe3d-31f0-42dd-a898-70e83ff822ab",
              "parentUUID": "d0da9f3e-a088-45ee-97d6-d027915fc9c8",
              "isHook": false,
              "skipped": false
            }
          ],
          "suites": [],
          "passes": [
            "1572fe3d-31f0-42dd-a898-70e83ff822ab"
          ],
          "failures": [],
          "pending": [],
          "skipped": [],
          "duration": 13804,
          "root": false,
          "rootEmpty": false,
          "_timeout": 2000
        }
      ],
      "passes": [],
      "failures": [],
      "pending": [],
      "skipped": [],
      "duration": 0,
      "root": true,
      "rootEmpty": true,
      "_timeout": 2000
    }
  ],
  "meta": {
    "mocha": {
      "version": "7.0.1"
    },
    "mochawesome": {
      "options": {
        "quiet": false,
        "reportFilename": "mochawesome",
        "saveHtml": false,
        "saveJson": true,
        "consoleReporter": "spec",
        "useInlineDiffs": false,
        "code": true
      },
      "version": "7.1.3"
    },
    "marge": {
      "options": {
        "id": "default",
        "reportDir": "cypress/results/mochawesome",
        "overwrite": false,
        "html": false,
        "json": true
      },
      "version": "6.2.0"
    }
  }
}