{
  "stats": {
    "suites": 1,
    "tests": 1,
    "passes": 1,
    "pending": 0,
    "failures": 0,
    "start": "2024-07-04T11:29:36.866Z",
    "end": "2024-07-04T11:29:44.322Z",
    "duration": 7456,
    "testsRegistered": 1,
    "passPercent": 100,
    "pendingPercent": 0,
    "other": 0,
    "hasOther": false,
    "skipped": 0,
    "hasSkipped": false
  },
  "results": [
    {
      "uuid": "80ab57f3-9c83-47e6-8edf-ca02f47cfa16",
      "title": "",
      "fullFile": "cypress\\e2e\\productPage.spec.js",
      "file": "cypress\\e2e\\productPage.spec.js",
      "beforeHooks": [],
      "afterHooks": [],
      "tests": [],
      "suites": [
        {
          "uuid": "72ab654d-1b8f-45b7-817d-3d254ee31d2e",
          "title": "Product Page",
          "fullFile": "",
          "file": "",
          "beforeHooks": [],
          "afterHooks": [],
          "tests": [
            {
              "title": "Search product",
              "fullTitle": "Product Page Search product",
              "timedOut": null,
              "duration": 7406,
              "state": "passed",
              "speed": "medium",
              "pass": true,
              "fail": false,
              "pending": false,
              "context": null,
              "code": "_productPage.onProductPage.visitProductPage();\n_productPage.onProductPage.searchProduct('tshirt');\ncy.get('.add-to-cart').eq(2).click();",
              "err": {},
              "uuid": "0e26e408-76e7-4720-ac94-d36638e15ed0",
              "parentUUID": "72ab654d-1b8f-45b7-817d-3d254ee31d2e",
              "isHook": false,
              "skipped": false
            }
          ],
          "suites": [],
          "passes": [
            "0e26e408-76e7-4720-ac94-d36638e15ed0"
          ],
          "failures": [],
          "pending": [],
          "skipped": [],
          "duration": 7406,
          "root": false,
          "rootEmpty": false,
          "_timeout": 2000
        }
      ],
      "passes": [],
      "failures": [],
      "pending": [],
      "skipped": [],
      "duration": 0,
      "root": true,
      "rootEmpty": true,
      "_timeout": 2000
    }
  ],
  "meta": {
    "mocha": {
      "version": "7.0.1"
    },
    "mochawesome": {
      "options": {
        "quiet": false,
        "reportFilename": "mochawesome",
        "saveHtml": false,
        "saveJson": true,
        "consoleReporter": "spec",
        "useInlineDiffs": false,
        "code": true
      },
      "version": "7.1.3"
    },
    "marge": {
      "options": {
        "id": "default",
        "reportDir": "cypress/results/mochawesome",
        "overwrite": false,
        "html": false,
        "json": true
      },
      "version": "6.2.0"
    }
  }
}