<?xml version="1.0"?>
<testsuites>
<testsuite name="Root Suite" timestamp="2024-07-04T11:29:46" tests="0" file="cypress\e2e\registerUser.spec.js" time="0.000" failures="0"></testsuite>
<testsuite name="Register User" timestamp="2024-07-04T11:29:46" tests="1" time="13.884" failures="0">
  
  <testcase name="Register User Check register user successfully" time="13.804" classname="Check register user successfully"></testcase>
  
</testsuite>

<testsuite name="Root Suite" timestamp="2024-07-04T11:29:36" tests="0" file="cypress\e2e\productPage.spec.js" time="0.000" failures="0"></testsuite>
<testsuite name="Product Page" timestamp="2024-07-04T11:29:36" tests="1" time="7.449" failures="0">
  
  <testcase name="Product Page Search product" time="7.406" classname="Search product"></testcase>
  
</testsuite>

<testsuite name="Root Suite" timestamp="2024-07-04T11:29:12" tests="0" file="cypress\e2e\loginPage.spec.js" time="0.000" failures="0"></testsuite>
<testsuite name="Login Page tests" timestamp="2024-07-04T11:29:12" tests="1" time="22.457" failures="0">
  
  <testcase name="Login Page tests Login User with correct email and password" time="22.367" classname="Login User with correct email and password"></testcase>
  
</testsuite>

</testsuites>